Flow report for multiplexador
Mon Oct 10 00:37:51 2016
Quartus Prime Version 16.0.0 Build 211 04/27/2016 SJ Lite Edition


---------------------
; Table of Contents ;
---------------------
  1. Legal Notice
  2. Flow Summary
  3. Flow Settings
  4. Flow Non-Default Global Settings
  5. Flow Elapsed Time
  6. Flow OS Summary
  7. Flow Log
  8. Flow Messages
  9. Flow Suppressed Messages



----------------
; Legal Notice ;
----------------
Copyright (C) 1991-2016 Altera Corporation. All rights reserved.
Your use of Altera Corporation's design tools, logic functions 
and other software and tools, and its AMPP partner logic 
functions, and any output files from any of the foregoing 
(including device programming or simulation files), and any 
associated documentation or information are expressly subject 
to the terms and conditions of the Altera Program License 
Subscription Agreement, the Altera Quartus Prime License Agreement,
the Altera MegaCore Function License Agreement, or other 
applicable license agreement, including, without limitation, 
that your use is for the sole purpose of programming logic 
devices manufactured by Altera and sold by Altera or its 
authorized distributors.  Please refer to the applicable 
agreement for further details.



+-------------------------------------------------------------------------------+
; Flow Summary                                                                  ;
+---------------------------------+---------------------------------------------+
; Flow Status                     ; Successful - Mon Oct 10 00:37:51 2016       ;
; Quartus Prime Version           ; 16.0.0 Build 211 04/27/2016 SJ Lite Edition ;
; Revision Name                   ; multiplexador                               ;
; Top-level Entity Name           ; multiplexador32_b                           ;
; Family                          ; Cyclone V                                   ;
; Device                          ; 5CGXFC9E7F35C8                              ;
; Timing Models                   ; Final                                       ;
; Logic utilization (in ALMs)     ; 81 / 113,560 ( < 1 % )                      ;
; Total registers                 ; 0                                           ;
; Total pins                      ; 291 / 616 ( 47 % )                          ;
; Total virtual pins              ; 0                                           ;
; Total block memory bits         ; 0 / 12,492,800 ( 0 % )                      ;
; Total DSP Blocks                ; 0 / 342 ( 0 % )                             ;
; Total HSSI RX PCSs              ; 0 / 12 ( 0 % )                              ;
; Total HSSI PMA RX Deserializers ; 0 / 12 ( 0 % )                              ;
; Total HSSI TX PCSs              ; 0 / 12 ( 0 % )                              ;
; Total HSSI PMA TX Serializers   ; 0 / 12 ( 0 % )                              ;
; Total PLLs                      ; 0 / 20 ( 0 % )                              ;
; Total DLLs                      ; 0 / 4 ( 0 % )                               ;
+---------------------------------+---------------------------------------------+


+-----------------------------------------+
; Flow Settings                           ;
+-------------------+---------------------+
; Option            ; Setting             ;
+-------------------+---------------------+
; Start date & time ; 10/10/2016 00:36:13 ;
; Main task         ; Compilation         ;
; Revision Name     ; multiplexador       ;
+-------------------+---------------------+


+---------------------------------------------------------------------------------------------------------------------------+
; Flow Non-Default Global Settings                                                                                          ;
+-------------------------------------+--------------------------------+---------------+-------------------+----------------+
; Assignment Name                     ; Value                          ; Default Value ; Entity Name       ; Section Id     ;
+-------------------------------------+--------------------------------+---------------+-------------------+----------------+
; COMPILER_SIGNATURE_ID               ; 57827284115318.147607777313372 ; --            ; --                ; --             ;
; EDA_OUTPUT_DATA_FORMAT              ; Verilog Hdl                    ; --            ; --                ; eda_simulation ;
; EDA_SIMULATION_TOOL                 ; ModelSim-Altera (Verilog)      ; <None>        ; --                ; --             ;
; EDA_TIME_SCALE                      ; 1 ps                           ; --            ; --                ; eda_simulation ;
; MAX_CORE_JUNCTION_TEMP              ; 85                             ; --            ; --                ; --             ;
; MIN_CORE_JUNCTION_TEMP              ; 0                              ; --            ; --                ; --             ;
; PARTITION_COLOR                     ; 16764057                       ; --            ; multiplexador32_b ; Top            ;
; PARTITION_FITTER_PRESERVATION_LEVEL ; PLACEMENT_AND_ROUTING          ; --            ; multiplexador32_b ; Top            ;
; PARTITION_NETLIST_TYPE              ; SOURCE                         ; --            ; multiplexador32_b ; Top            ;
; PROJECT_OUTPUT_DIRECTORY            ; output_files                   ; --            ; --                ; --             ;
; TOP_LEVEL_ENTITY                    ; multiplexador32_b              ; multiplexador ; --                ; --             ;
+-------------------------------------+--------------------------------+---------------+-------------------+----------------+


+-------------------------------------------------------------------------------------------------------------------------------+
; Flow Elapsed Time                                                                                                             ;
+---------------------------+--------------+-------------------------+---------------------+------------------------------------+
; Module Name               ; Elapsed Time ; Average Processors Used ; Peak Virtual Memory ; Total CPU Time (on all processors) ;
+---------------------------+--------------+-------------------------+---------------------+------------------------------------+
; Analysis & Synthesis      ; 00:00:12     ; 1.0                     ; 953 MB              ; 00:00:28                           ;
; Fitter                    ; 00:00:59     ; 1.0                     ; 3199 MB             ; 00:02:07                           ;
; Assembler                 ; 00:00:13     ; 1.0                     ; 931 MB              ; 00:00:13                           ;
; TimeQuest Timing Analyzer ; 00:00:08     ; 1.1                     ; 1415 MB             ; 00:00:08                           ;
; EDA Netlist Writer        ; 00:00:01     ; 1.0                     ; 855 MB              ; 00:00:02                           ;
; Total                     ; 00:01:33     ; --                      ; --                  ; 00:02:58                           ;
+---------------------------+--------------+-------------------------+---------------------+------------------------------------+


+----------------------------------------------------------------------------------------+
; Flow OS Summary                                                                        ;
+---------------------------+------------------+-----------+------------+----------------+
; Module Name               ; Machine Hostname ; OS Name   ; OS Version ; Processor type ;
+---------------------------+------------------+-----------+------------+----------------+
; Analysis & Synthesis      ; DESKTOP-DQ4QVVQ  ; Windows 8 ; 6.2        ; x86_64         ;
; Fitter                    ; DESKTOP-DQ4QVVQ  ; Windows 8 ; 6.2        ; x86_64         ;
; Assembler                 ; DESKTOP-DQ4QVVQ  ; Windows 8 ; 6.2        ; x86_64         ;
; TimeQuest Timing Analyzer ; DESKTOP-DQ4QVVQ  ; Windows 8 ; 6.2        ; x86_64         ;
; EDA Netlist Writer        ; DESKTOP-DQ4QVVQ  ; Windows 8 ; 6.2        ; x86_64         ;
+---------------------------+------------------+-----------+------------+----------------+


------------
; Flow Log ;
------------
quartus_map --read_settings_files=on --write_settings_files=off multiplexador -c multiplexador
quartus_fit --read_settings_files=off --write_settings_files=off multiplexador -c multiplexador
quartus_asm --read_settings_files=off --write_settings_files=off multiplexador -c multiplexador
quartus_sta multiplexador -c multiplexador
quartus_eda --read_settings_files=off --write_settings_files=off multiplexador -c multiplexador



