Analysis & Synthesis report for multiplexador
Mon Oct 10 00:36:25 2016
Quartus Prime Version 16.0.0 Build 211 04/27/2016 SJ Lite Edition


---------------------
; Table of Contents ;
---------------------
  1. Legal Notice
  2. Analysis & Synthesis Summary
  3. Analysis & Synthesis Settings
  4. Parallel Compilation
  5. Analysis & Synthesis Source Files Read
  6. Analysis & Synthesis Resource Usage Summary
  7. Analysis & Synthesis Resource Utilization by Entity
  8. General Register Statistics
  9. Multiplexer Restructuring Statistics (Restructuring Performed)
 10. Post-Synthesis Netlist Statistics for Top Partition
 11. Elapsed Time Per Partition
 12. Analysis & Synthesis Messages



----------------
; Legal Notice ;
----------------
Copyright (C) 1991-2016 Altera Corporation. All rights reserved.
Your use of Altera Corporation's design tools, logic functions 
and other software and tools, and its AMPP partner logic 
functions, and any output files from any of the foregoing 
(including device programming or simulation files), and any 
associated documentation or information are expressly subject 
to the terms and conditions of the Altera Program License 
Subscription Agreement, the Altera Quartus Prime License Agreement,
the Altera MegaCore Function License Agreement, or other 
applicable license agreement, including, without limitation, 
that your use is for the sole purpose of programming logic 
devices manufactured by Altera and sold by Altera or its 
authorized distributors.  Please refer to the applicable 
agreement for further details.



+-------------------------------------------------------------------------------+
; Analysis & Synthesis Summary                                                  ;
+---------------------------------+---------------------------------------------+
; Analysis & Synthesis Status     ; Successful - Mon Oct 10 00:36:25 2016       ;
; Quartus Prime Version           ; 16.0.0 Build 211 04/27/2016 SJ Lite Edition ;
; Revision Name                   ; multiplexador                               ;
; Top-level Entity Name           ; multiplexador32_b                           ;
; Family                          ; Cyclone V                                   ;
; Logic utilization (in ALMs)     ; N/A                                         ;
; Total registers                 ; 0                                           ;
; Total pins                      ; 291                                         ;
; Total virtual pins              ; 0                                           ;
; Total block memory bits         ; 0                                           ;
; Total DSP Blocks                ; 0                                           ;
; Total HSSI RX PCSs              ; 0                                           ;
; Total HSSI PMA RX Deserializers ; 0                                           ;
; Total HSSI TX PCSs              ; 0                                           ;
; Total HSSI PMA TX Serializers   ; 0                                           ;
; Total PLLs                      ; 0                                           ;
; Total DLLs                      ; 0                                           ;
+---------------------------------+---------------------------------------------+


+---------------------------------------------------------------------------------------------------------------------------+
; Analysis & Synthesis Settings                                                                                             ;
+---------------------------------------------------------------------------------+--------------------+--------------------+
; Option                                                                          ; Setting            ; Default Value      ;
+---------------------------------------------------------------------------------+--------------------+--------------------+
; Device                                                                          ; 5CGXFC9E7F35C8     ;                    ;
; Top-level entity name                                                           ; multiplexador32_b  ; multiplexador      ;
; Family name                                                                     ; Cyclone V          ; Cyclone V          ;
; Use smart compilation                                                           ; Off                ; Off                ;
; Enable parallel Assembler and TimeQuest Timing Analyzer during compilation      ; On                 ; On                 ;
; Enable compact report table                                                     ; Off                ; Off                ;
; Restructure Multiplexers                                                        ; Auto               ; Auto               ;
; MLAB Add Timing Constraints For Mixed-Port Feed-Through Mode Setting Don't Care ; Off                ; Off                ;
; Create Debugging Nodes for IP Cores                                             ; Off                ; Off                ;
; Preserve fewer node names                                                       ; On                 ; On                 ;
; Disable OpenCore Plus hardware evaluation                                       ; Off                ; Off                ;
; Verilog Version                                                                 ; Verilog_2001       ; Verilog_2001       ;
; VHDL Version                                                                    ; VHDL_1993          ; VHDL_1993          ;
; State Machine Processing                                                        ; Auto               ; Auto               ;
; Safe State Machine                                                              ; Off                ; Off                ;
; Extract Verilog State Machines                                                  ; On                 ; On                 ;
; Extract VHDL State Machines                                                     ; On                 ; On                 ;
; Ignore Verilog initial constructs                                               ; Off                ; Off                ;
; Iteration limit for constant Verilog loops                                      ; 5000               ; 5000               ;
; Iteration limit for non-constant Verilog loops                                  ; 250                ; 250                ;
; Add Pass-Through Logic to Inferred RAMs                                         ; On                 ; On                 ;
; Infer RAMs from Raw Logic                                                       ; On                 ; On                 ;
; Parallel Synthesis                                                              ; On                 ; On                 ;
; DSP Block Balancing                                                             ; Auto               ; Auto               ;
; NOT Gate Push-Back                                                              ; On                 ; On                 ;
; Power-Up Don't Care                                                             ; On                 ; On                 ;
; Remove Redundant Logic Cells                                                    ; Off                ; Off                ;
; Remove Duplicate Registers                                                      ; On                 ; On                 ;
; Ignore CARRY Buffers                                                            ; Off                ; Off                ;
; Ignore CASCADE Buffers                                                          ; Off                ; Off                ;
; Ignore GLOBAL Buffers                                                           ; Off                ; Off                ;
; Ignore ROW GLOBAL Buffers                                                       ; Off                ; Off                ;
; Ignore LCELL Buffers                                                            ; Off                ; Off                ;
; Ignore SOFT Buffers                                                             ; On                 ; On                 ;
; Limit AHDL Integers to 32 Bits                                                  ; Off                ; Off                ;
; Optimization Technique                                                          ; Balanced           ; Balanced           ;
; Carry Chain Length                                                              ; 70                 ; 70                 ;
; Auto Carry Chains                                                               ; On                 ; On                 ;
; Auto Open-Drain Pins                                                            ; On                 ; On                 ;
; Perform WYSIWYG Primitive Resynthesis                                           ; Off                ; Off                ;
; Auto ROM Replacement                                                            ; On                 ; On                 ;
; Auto RAM Replacement                                                            ; On                 ; On                 ;
; Auto DSP Block Replacement                                                      ; On                 ; On                 ;
; Auto Shift Register Replacement                                                 ; Auto               ; Auto               ;
; Allow Shift Register Merging across Hierarchies                                 ; Auto               ; Auto               ;
; Auto Clock Enable Replacement                                                   ; On                 ; On                 ;
; Strict RAM Replacement                                                          ; Off                ; Off                ;
; Allow Synchronous Control Signals                                               ; On                 ; On                 ;
; Force Use of Synchronous Clear Signals                                          ; Off                ; Off                ;
; Auto Resource Sharing                                                           ; Off                ; Off                ;
; Allow Any RAM Size For Recognition                                              ; Off                ; Off                ;
; Allow Any ROM Size For Recognition                                              ; Off                ; Off                ;
; Allow Any Shift Register Size For Recognition                                   ; Off                ; Off                ;
; Use LogicLock Constraints during Resource Balancing                             ; On                 ; On                 ;
; Ignore translate_off and synthesis_off directives                               ; Off                ; Off                ;
; Timing-Driven Synthesis                                                         ; On                 ; On                 ;
; Report Parameter Settings                                                       ; On                 ; On                 ;
; Report Source Assignments                                                       ; On                 ; On                 ;
; Report Connectivity Checks                                                      ; On                 ; On                 ;
; Ignore Maximum Fan-Out Assignments                                              ; Off                ; Off                ;
; Synchronization Register Chain Length                                           ; 3                  ; 3                  ;
; PowerPlay Power Optimization During Synthesis                                   ; Normal compilation ; Normal compilation ;
; HDL message level                                                               ; Level2             ; Level2             ;
; Suppress Register Optimization Related Messages                                 ; Off                ; Off                ;
; Number of Removed Registers Reported in Synthesis Report                        ; 5000               ; 5000               ;
; Number of Swept Nodes Reported in Synthesis Report                              ; 5000               ; 5000               ;
; Number of Inverted Registers Reported in Synthesis Report                       ; 100                ; 100                ;
; Clock MUX Protection                                                            ; On                 ; On                 ;
; Auto Gated Clock Conversion                                                     ; Off                ; Off                ;
; Block Design Naming                                                             ; Auto               ; Auto               ;
; SDC constraint protection                                                       ; Off                ; Off                ;
; Synthesis Effort                                                                ; Auto               ; Auto               ;
; Shift Register Replacement - Allow Asynchronous Clear Signal                    ; On                 ; On                 ;
; Pre-Mapping Resynthesis Optimization                                            ; Off                ; Off                ;
; Analysis & Synthesis Message Level                                              ; Medium             ; Medium             ;
; Disable Register Merging Across Hierarchies                                     ; Auto               ; Auto               ;
; Resource Aware Inference For Block RAM                                          ; On                 ; On                 ;
; Synthesis Seed                                                                  ; 1                  ; 1                  ;
; Automatic Parallel Synthesis                                                    ; On                 ; On                 ;
; Partial Reconfiguration Bitstream ID                                            ; Off                ; Off                ;
+---------------------------------------------------------------------------------+--------------------+--------------------+


+------------------------------------------+
; Parallel Compilation                     ;
+----------------------------+-------------+
; Processors                 ; Number      ;
+----------------------------+-------------+
; Number detected on machine ; 8           ;
; Maximum allowed            ; 4           ;
;                            ;             ;
; Average used               ; 1.00        ;
; Maximum used               ; 1           ;
;                            ;             ;
; Usage by Processor         ; % Time Used ;
;     Processor 1            ; 100.0%      ;
+----------------------------+-------------+


+---------------------------------------------------------------------------------------------------------------------------------------------------------------------------+
; Analysis & Synthesis Source Files Read                                                                                                                                    ;
+----------------------------------+-----------------+-----------------+------------------------------------------------------------------------------------------+---------+
; File Name with User-Entered Path ; Used in Netlist ; File Type       ; File Name with Absolute Path                                                             ; Library ;
+----------------------------------+-----------------+-----------------+------------------------------------------------------------------------------------------+---------+
; multiplexador.vhd                ; yes             ; User VHDL File  ; F:/Escritorio/universidad/Semestre 6/Digitales/Procesador/plexores/multiplexador.vhd     ;         ;
; multiplexador4_1.vhd             ; yes             ; User VHDL File  ; F:/Escritorio/universidad/Semestre 6/Digitales/Procesador/plexores/multiplexador4_1.vhd  ;         ;
; multiplexador32_b.vhd            ; yes             ; User VHDL File  ; F:/Escritorio/universidad/Semestre 6/Digitales/Procesador/plexores/multiplexador32_b.vhd ;         ;
; multiplexador8_1.vhd             ; yes             ; User VHDL File  ; F:/Escritorio/universidad/Semestre 6/Digitales/Procesador/plexores/multiplexador8_1.vhd  ;         ;
+----------------------------------+-----------------+-----------------+------------------------------------------------------------------------------------------+---------+


+--------------------------------------------------------+
; Analysis & Synthesis Resource Usage Summary            ;
+---------------------------------------------+----------+
; Resource                                    ; Usage    ;
+---------------------------------------------+----------+
; Estimate of Logic utilization (ALMs needed) ; 80       ;
;                                             ;          ;
; Combinational ALUT usage for logic          ; 96       ;
;     -- 7 input functions                    ; 0        ;
;     -- 6 input functions                    ; 64       ;
;     -- 5 input functions                    ; 0        ;
;     -- 4 input functions                    ; 0        ;
;     -- <=3 input functions                  ; 32       ;
;                                             ;          ;
; Dedicated logic registers                   ; 0        ;
;                                             ;          ;
; I/O pins                                    ; 291      ;
;                                             ;          ;
; Total DSP Blocks                            ; 0        ;
;                                             ;          ;
; Maximum fan-out node                        ; s0~input ;
; Maximum fan-out                             ; 64       ;
; Total fan-out                               ; 803      ;
; Average fan-out                             ; 1.18     ;
+---------------------------------------------+----------+


+---------------------------------------------------------------------------------------------------------------------------------------------------------------------------------------------------------------------------------------------------------+
; Analysis & Synthesis Resource Utilization by Entity                                                                                                                                                                                                     ;
+--------------------------------------------+-------------------+--------------+-------------------+------------+------+--------------+-------------------------------------------------------------------------------+-------------------+--------------+
; Compilation Hierarchy Node                 ; LC Combinationals ; LC Registers ; Block Memory Bits ; DSP Blocks ; Pins ; Virtual Pins ; Full Hierarchy Name                                                           ; Entity Name       ; Library Name ;
+--------------------------------------------+-------------------+--------------+-------------------+------------+------+--------------+-------------------------------------------------------------------------------+-------------------+--------------+
; |multiplexador32_b                         ; 96 (0)            ; 0 (0)        ; 0                 ; 0          ; 291  ; 0            ; |multiplexador32_b                                                            ; multiplexador32_b ; work         ;
;    |multiplexador8_1:\ciclo:0:MULTItotal|  ; 3 (0)             ; 0 (0)        ; 0                 ; 0          ; 0    ; 0            ; |multiplexador32_b|multiplexador8_1:\ciclo:0:MULTItotal                       ; multiplexador8_1  ; work         ;
;       |multiplexador:MULTI3|               ; 3 (3)             ; 0 (0)        ; 0                 ; 0          ; 0    ; 0            ; |multiplexador32_b|multiplexador8_1:\ciclo:0:MULTItotal|multiplexador:MULTI3  ; multiplexador     ; work         ;
;    |multiplexador8_1:\ciclo:10:MULTItotal| ; 3 (0)             ; 0 (0)        ; 0                 ; 0          ; 0    ; 0            ; |multiplexador32_b|multiplexador8_1:\ciclo:10:MULTItotal                      ; multiplexador8_1  ; work         ;
;       |multiplexador:MULTI3|               ; 3 (3)             ; 0 (0)        ; 0                 ; 0          ; 0    ; 0            ; |multiplexador32_b|multiplexador8_1:\ciclo:10:MULTItotal|multiplexador:MULTI3 ; multiplexador     ; work         ;
;    |multiplexador8_1:\ciclo:11:MULTItotal| ; 3 (0)             ; 0 (0)        ; 0                 ; 0          ; 0    ; 0            ; |multiplexador32_b|multiplexador8_1:\ciclo:11:MULTItotal                      ; multiplexador8_1  ; work         ;
;       |multiplexador:MULTI3|               ; 3 (3)             ; 0 (0)        ; 0                 ; 0          ; 0    ; 0            ; |multiplexador32_b|multiplexador8_1:\ciclo:11:MULTItotal|multiplexador:MULTI3 ; multiplexador     ; work         ;
;    |multiplexador8_1:\ciclo:12:MULTItotal| ; 3 (0)             ; 0 (0)        ; 0                 ; 0          ; 0    ; 0            ; |multiplexador32_b|multiplexador8_1:\ciclo:12:MULTItotal                      ; multiplexador8_1  ; work         ;
;       |multiplexador:MULTI3|               ; 3 (3)             ; 0 (0)        ; 0                 ; 0          ; 0    ; 0            ; |multiplexador32_b|multiplexador8_1:\ciclo:12:MULTItotal|multiplexador:MULTI3 ; multiplexador     ; work         ;
;    |multiplexador8_1:\ciclo:13:MULTItotal| ; 3 (0)             ; 0 (0)        ; 0                 ; 0          ; 0    ; 0            ; |multiplexador32_b|multiplexador8_1:\ciclo:13:MULTItotal                      ; multiplexador8_1  ; work         ;
;       |multiplexador:MULTI3|               ; 3 (3)             ; 0 (0)        ; 0                 ; 0          ; 0    ; 0            ; |multiplexador32_b|multiplexador8_1:\ciclo:13:MULTItotal|multiplexador:MULTI3 ; multiplexador     ; work         ;
;    |multiplexador8_1:\ciclo:14:MULTItotal| ; 3 (0)             ; 0 (0)        ; 0                 ; 0          ; 0    ; 0            ; |multiplexador32_b|multiplexador8_1:\ciclo:14:MULTItotal                      ; multiplexador8_1  ; work         ;
;       |multiplexador:MULTI3|               ; 3 (3)             ; 0 (0)        ; 0                 ; 0          ; 0    ; 0            ; |multiplexador32_b|multiplexador8_1:\ciclo:14:MULTItotal|multiplexador:MULTI3 ; multiplexador     ; work         ;
;    |multiplexador8_1:\ciclo:15:MULTItotal| ; 3 (0)             ; 0 (0)        ; 0                 ; 0          ; 0    ; 0            ; |multiplexador32_b|multiplexador8_1:\ciclo:15:MULTItotal                      ; multiplexador8_1  ; work         ;
;       |multiplexador:MULTI3|               ; 3 (3)             ; 0 (0)        ; 0                 ; 0          ; 0    ; 0            ; |multiplexador32_b|multiplexador8_1:\ciclo:15:MULTItotal|multiplexador:MULTI3 ; multiplexador     ; work         ;
;    |multiplexador8_1:\ciclo:16:MULTItotal| ; 3 (0)             ; 0 (0)        ; 0                 ; 0          ; 0    ; 0            ; |multiplexador32_b|multiplexador8_1:\ciclo:16:MULTItotal                      ; multiplexador8_1  ; work         ;
;       |multiplexador:MULTI3|               ; 3 (3)             ; 0 (0)        ; 0                 ; 0          ; 0    ; 0            ; |multiplexador32_b|multiplexador8_1:\ciclo:16:MULTItotal|multiplexador:MULTI3 ; multiplexador     ; work         ;
;    |multiplexador8_1:\ciclo:17:MULTItotal| ; 3 (0)             ; 0 (0)        ; 0                 ; 0          ; 0    ; 0            ; |multiplexador32_b|multiplexador8_1:\ciclo:17:MULTItotal                      ; multiplexador8_1  ; work         ;
;       |multiplexador:MULTI3|               ; 3 (3)             ; 0 (0)        ; 0                 ; 0          ; 0    ; 0            ; |multiplexador32_b|multiplexador8_1:\ciclo:17:MULTItotal|multiplexador:MULTI3 ; multiplexador     ; work         ;
;    |multiplexador8_1:\ciclo:18:MULTItotal| ; 3 (0)             ; 0 (0)        ; 0                 ; 0          ; 0    ; 0            ; |multiplexador32_b|multiplexador8_1:\ciclo:18:MULTItotal                      ; multiplexador8_1  ; work         ;
;       |multiplexador:MULTI3|               ; 3 (3)             ; 0 (0)        ; 0                 ; 0          ; 0    ; 0            ; |multiplexador32_b|multiplexador8_1:\ciclo:18:MULTItotal|multiplexador:MULTI3 ; multiplexador     ; work         ;
;    |multiplexador8_1:\ciclo:19:MULTItotal| ; 3 (0)             ; 0 (0)        ; 0                 ; 0          ; 0    ; 0            ; |multiplexador32_b|multiplexador8_1:\ciclo:19:MULTItotal                      ; multiplexador8_1  ; work         ;
;       |multiplexador:MULTI3|               ; 3 (3)             ; 0 (0)        ; 0                 ; 0          ; 0    ; 0            ; |multiplexador32_b|multiplexador8_1:\ciclo:19:MULTItotal|multiplexador:MULTI3 ; multiplexador     ; work         ;
;    |multiplexador8_1:\ciclo:1:MULTItotal|  ; 3 (0)             ; 0 (0)        ; 0                 ; 0          ; 0    ; 0            ; |multiplexador32_b|multiplexador8_1:\ciclo:1:MULTItotal                       ; multiplexador8_1  ; work         ;
;       |multiplexador:MULTI3|               ; 3 (3)             ; 0 (0)        ; 0                 ; 0          ; 0    ; 0            ; |multiplexador32_b|multiplexador8_1:\ciclo:1:MULTItotal|multiplexador:MULTI3  ; multiplexador     ; work         ;
;    |multiplexador8_1:\ciclo:20:MULTItotal| ; 3 (0)             ; 0 (0)        ; 0                 ; 0          ; 0    ; 0            ; |multiplexador32_b|multiplexador8_1:\ciclo:20:MULTItotal                      ; multiplexador8_1  ; work         ;
;       |multiplexador:MULTI3|               ; 3 (3)             ; 0 (0)        ; 0                 ; 0          ; 0    ; 0            ; |multiplexador32_b|multiplexador8_1:\ciclo:20:MULTItotal|multiplexador:MULTI3 ; multiplexador     ; work         ;
;    |multiplexador8_1:\ciclo:21:MULTItotal| ; 3 (0)             ; 0 (0)        ; 0                 ; 0          ; 0    ; 0            ; |multiplexador32_b|multiplexador8_1:\ciclo:21:MULTItotal                      ; multiplexador8_1  ; work         ;
;       |multiplexador:MULTI3|               ; 3 (3)             ; 0 (0)        ; 0                 ; 0          ; 0    ; 0            ; |multiplexador32_b|multiplexador8_1:\ciclo:21:MULTItotal|multiplexador:MULTI3 ; multiplexador     ; work         ;
;    |multiplexador8_1:\ciclo:22:MULTItotal| ; 3 (0)             ; 0 (0)        ; 0                 ; 0          ; 0    ; 0            ; |multiplexador32_b|multiplexador8_1:\ciclo:22:MULTItotal                      ; multiplexador8_1  ; work         ;
;       |multiplexador:MULTI3|               ; 3 (3)             ; 0 (0)        ; 0                 ; 0          ; 0    ; 0            ; |multiplexador32_b|multiplexador8_1:\ciclo:22:MULTItotal|multiplexador:MULTI3 ; multiplexador     ; work         ;
;    |multiplexador8_1:\ciclo:23:MULTItotal| ; 3 (0)             ; 0 (0)        ; 0                 ; 0          ; 0    ; 0            ; |multiplexador32_b|multiplexador8_1:\ciclo:23:MULTItotal                      ; multiplexador8_1  ; work         ;
;       |multiplexador:MULTI3|               ; 3 (3)             ; 0 (0)        ; 0                 ; 0          ; 0    ; 0            ; |multiplexador32_b|multiplexador8_1:\ciclo:23:MULTItotal|multiplexador:MULTI3 ; multiplexador     ; work         ;
;    |multiplexador8_1:\ciclo:24:MULTItotal| ; 3 (0)             ; 0 (0)        ; 0                 ; 0          ; 0    ; 0            ; |multiplexador32_b|multiplexador8_1:\ciclo:24:MULTItotal                      ; multiplexador8_1  ; work         ;
;       |multiplexador:MULTI3|               ; 3 (3)             ; 0 (0)        ; 0                 ; 0          ; 0    ; 0            ; |multiplexador32_b|multiplexador8_1:\ciclo:24:MULTItotal|multiplexador:MULTI3 ; multiplexador     ; work         ;
;    |multiplexador8_1:\ciclo:25:MULTItotal| ; 3 (0)             ; 0 (0)        ; 0                 ; 0          ; 0    ; 0            ; |multiplexador32_b|multiplexador8_1:\ciclo:25:MULTItotal                      ; multiplexador8_1  ; work         ;
;       |multiplexador:MULTI3|               ; 3 (3)             ; 0 (0)        ; 0                 ; 0          ; 0    ; 0            ; |multiplexador32_b|multiplexador8_1:\ciclo:25:MULTItotal|multiplexador:MULTI3 ; multiplexador     ; work         ;
;    |multiplexador8_1:\ciclo:26:MULTItotal| ; 3 (0)             ; 0 (0)        ; 0                 ; 0          ; 0    ; 0            ; |multiplexador32_b|multiplexador8_1:\ciclo:26:MULTItotal                      ; multiplexador8_1  ; work         ;
;       |multiplexador:MULTI3|               ; 3 (3)             ; 0 (0)        ; 0                 ; 0          ; 0    ; 0            ; |multiplexador32_b|multiplexador8_1:\ciclo:26:MULTItotal|multiplexador:MULTI3 ; multiplexador     ; work         ;
;    |multiplexador8_1:\ciclo:27:MULTItotal| ; 3 (0)             ; 0 (0)        ; 0                 ; 0          ; 0    ; 0            ; |multiplexador32_b|multiplexador8_1:\ciclo:27:MULTItotal                      ; multiplexador8_1  ; work         ;
;       |multiplexador:MULTI3|               ; 3 (3)             ; 0 (0)        ; 0                 ; 0          ; 0    ; 0            ; |multiplexador32_b|multiplexador8_1:\ciclo:27:MULTItotal|multiplexador:MULTI3 ; multiplexador     ; work         ;
;    |multiplexador8_1:\ciclo:28:MULTItotal| ; 3 (0)             ; 0 (0)        ; 0                 ; 0          ; 0    ; 0            ; |multiplexador32_b|multiplexador8_1:\ciclo:28:MULTItotal                      ; multiplexador8_1  ; work         ;
;       |multiplexador:MULTI3|               ; 3 (3)             ; 0 (0)        ; 0                 ; 0          ; 0    ; 0            ; |multiplexador32_b|multiplexador8_1:\ciclo:28:MULTItotal|multiplexador:MULTI3 ; multiplexador     ; work         ;
;    |multiplexador8_1:\ciclo:29:MULTItotal| ; 3 (0)             ; 0 (0)        ; 0                 ; 0          ; 0    ; 0            ; |multiplexador32_b|multiplexador8_1:\ciclo:29:MULTItotal                      ; multiplexador8_1  ; work         ;
;       |multiplexador:MULTI3|               ; 3 (3)             ; 0 (0)        ; 0                 ; 0          ; 0    ; 0            ; |multiplexador32_b|multiplexador8_1:\ciclo:29:MULTItotal|multiplexador:MULTI3 ; multiplexador     ; work         ;
;    |multiplexador8_1:\ciclo:2:MULTItotal|  ; 3 (0)             ; 0 (0)        ; 0                 ; 0          ; 0    ; 0            ; |multiplexador32_b|multiplexador8_1:\ciclo:2:MULTItotal                       ; multiplexador8_1  ; work         ;
;       |multiplexador:MULTI3|               ; 3 (3)             ; 0 (0)        ; 0                 ; 0          ; 0    ; 0            ; |multiplexador32_b|multiplexador8_1:\ciclo:2:MULTItotal|multiplexador:MULTI3  ; multiplexador     ; work         ;
;    |multiplexador8_1:\ciclo:30:MULTItotal| ; 3 (0)             ; 0 (0)        ; 0                 ; 0          ; 0    ; 0            ; |multiplexador32_b|multiplexador8_1:\ciclo:30:MULTItotal                      ; multiplexador8_1  ; work         ;
;       |multiplexador:MULTI3|               ; 3 (3)             ; 0 (0)        ; 0                 ; 0          ; 0    ; 0            ; |multiplexador32_b|multiplexador8_1:\ciclo:30:MULTItotal|multiplexador:MULTI3 ; multiplexador     ; work         ;
;    |multiplexador8_1:\ciclo:31:MULTItotal| ; 3 (0)             ; 0 (0)        ; 0                 ; 0          ; 0    ; 0            ; |multiplexador32_b|multiplexador8_1:\ciclo:31:MULTItotal                      ; multiplexador8_1  ; work         ;
;       |multiplexador:MULTI3|               ; 3 (3)             ; 0 (0)        ; 0                 ; 0          ; 0    ; 0            ; |multiplexador32_b|multiplexador8_1:\ciclo:31:MULTItotal|multiplexador:MULTI3 ; multiplexador     ; work         ;
;    |multiplexador8_1:\ciclo:3:MULTItotal|  ; 3 (0)             ; 0 (0)        ; 0                 ; 0          ; 0    ; 0            ; |multiplexador32_b|multiplexador8_1:\ciclo:3:MULTItotal                       ; multiplexador8_1  ; work         ;
;       |multiplexador:MULTI3|               ; 3 (3)             ; 0 (0)        ; 0                 ; 0          ; 0    ; 0            ; |multiplexador32_b|multiplexador8_1:\ciclo:3:MULTItotal|multiplexador:MULTI3  ; multiplexador     ; work         ;
;    |multiplexador8_1:\ciclo:4:MULTItotal|  ; 3 (0)             ; 0 (0)        ; 0                 ; 0          ; 0    ; 0            ; |multiplexador32_b|multiplexador8_1:\ciclo:4:MULTItotal                       ; multiplexador8_1  ; work         ;
;       |multiplexador:MULTI3|               ; 3 (3)             ; 0 (0)        ; 0                 ; 0          ; 0    ; 0            ; |multiplexador32_b|multiplexador8_1:\ciclo:4:MULTItotal|multiplexador:MULTI3  ; multiplexador     ; work         ;
;    |multiplexador8_1:\ciclo:5:MULTItotal|  ; 3 (0)             ; 0 (0)        ; 0                 ; 0          ; 0    ; 0            ; |multiplexador32_b|multiplexador8_1:\ciclo:5:MULTItotal                       ; multiplexador8_1  ; work         ;
;       |multiplexador:MULTI3|               ; 3 (3)             ; 0 (0)        ; 0                 ; 0          ; 0    ; 0            ; |multiplexador32_b|multiplexador8_1:\ciclo:5:MULTItotal|multiplexador:MULTI3  ; multiplexador     ; work         ;
;    |multiplexador8_1:\ciclo:6:MULTItotal|  ; 3 (0)             ; 0 (0)        ; 0                 ; 0          ; 0    ; 0            ; |multiplexador32_b|multiplexador8_1:\ciclo:6:MULTItotal                       ; multiplexador8_1  ; work         ;
;       |multiplexador:MULTI3|               ; 3 (3)             ; 0 (0)        ; 0                 ; 0          ; 0    ; 0            ; |multiplexador32_b|multiplexador8_1:\ciclo:6:MULTItotal|multiplexador:MULTI3  ; multiplexador     ; work         ;
;    |multiplexador8_1:\ciclo:7:MULTItotal|  ; 3 (0)             ; 0 (0)        ; 0                 ; 0          ; 0    ; 0            ; |multiplexador32_b|multiplexador8_1:\ciclo:7:MULTItotal                       ; multiplexador8_1  ; work         ;
;       |multiplexador:MULTI3|               ; 3 (3)             ; 0 (0)        ; 0                 ; 0          ; 0    ; 0            ; |multiplexador32_b|multiplexador8_1:\ciclo:7:MULTItotal|multiplexador:MULTI3  ; multiplexador     ; work         ;
;    |multiplexador8_1:\ciclo:8:MULTItotal|  ; 3 (0)             ; 0 (0)        ; 0                 ; 0          ; 0    ; 0            ; |multiplexador32_b|multiplexador8_1:\ciclo:8:MULTItotal                       ; multiplexador8_1  ; work         ;
;       |multiplexador:MULTI3|               ; 3 (3)             ; 0 (0)        ; 0                 ; 0          ; 0    ; 0            ; |multiplexador32_b|multiplexador8_1:\ciclo:8:MULTItotal|multiplexador:MULTI3  ; multiplexador     ; work         ;
;    |multiplexador8_1:\ciclo:9:MULTItotal|  ; 3 (0)             ; 0 (0)        ; 0                 ; 0          ; 0    ; 0            ; |multiplexador32_b|multiplexador8_1:\ciclo:9:MULTItotal                       ; multiplexador8_1  ; work         ;
;       |multiplexador:MULTI3|               ; 3 (3)             ; 0 (0)        ; 0                 ; 0          ; 0    ; 0            ; |multiplexador32_b|multiplexador8_1:\ciclo:9:MULTItotal|multiplexador:MULTI3  ; multiplexador     ; work         ;
+--------------------------------------------+-------------------+--------------+-------------------+------------+------+--------------+-------------------------------------------------------------------------------+-------------------+--------------+
Note: For table entries with two numbers listed, the numbers in parentheses indicate the number of resources of the given type used by the specific entity alone. The numbers listed outside of parentheses indicate the total resources of the given type used by the specific entity and all of its sub-entities in the hierarchy.


+------------------------------------------------------+
; General Register Statistics                          ;
+----------------------------------------------+-------+
; Statistic                                    ; Value ;
+----------------------------------------------+-------+
; Total registers                              ; 0     ;
; Number of registers using Synchronous Clear  ; 0     ;
; Number of registers using Synchronous Load   ; 0     ;
; Number of registers using Asynchronous Clear ; 0     ;
; Number of registers using Asynchronous Load  ; 0     ;
; Number of registers using Clock Enable       ; 0     ;
; Number of registers using Preset             ; 0     ;
+----------------------------------------------+-------+


+----------------------------------------------------------------------------------------------------------------------------------------------------------------------------------------------+
; Multiplexer Restructuring Statistics (Restructuring Performed)                                                                                                                               ;
+--------------------+-----------+---------------+----------------------+------------------------+------------+--------------------------------------------------------------------------------+
; Multiplexer Inputs ; Bus Width ; Baseline Area ; Area if Restructured ; Saving if Restructured ; Registered ; Example Multiplexer Output                                                     ;
+--------------------+-----------+---------------+----------------------+------------------------+------------+--------------------------------------------------------------------------------+
; 8:1                ; 32 bits   ; 160 LEs       ; 160 LEs              ; 0 LEs                  ; No         ; |multiplexador32_b|multiplexador8_1:\ciclo:0:MULTItotal|multiplexador:MULTI3|Q ;
+--------------------+-----------+---------------+----------------------+------------------------+------------+--------------------------------------------------------------------------------+


+-----------------------------------------------------+
; Post-Synthesis Netlist Statistics for Top Partition ;
+-----------------------+-----------------------------+
; Type                  ; Count                       ;
+-----------------------+-----------------------------+
; arriav_lcell_comb     ; 96                          ;
;     normal            ; 96                          ;
;         3 data inputs ; 32                          ;
;         6 data inputs ; 64                          ;
; boundary_port         ; 291                         ;
;                       ;                             ;
; Max LUT depth         ; 2.00                        ;
; Average LUT depth     ; 2.00                        ;
+-----------------------+-----------------------------+


+-------------------------------+
; Elapsed Time Per Partition    ;
+----------------+--------------+
; Partition Name ; Elapsed Time ;
+----------------+--------------+
; Top            ; 00:00:00     ;
+----------------+--------------+


+-------------------------------+
; Analysis & Synthesis Messages ;
+-------------------------------+
Info: *******************************************************************
Info: Running Quartus Prime Analysis & Synthesis
    Info: Version 16.0.0 Build 211 04/27/2016 SJ Lite Edition
    Info: Processing started: Mon Oct 10 00:36:13 2016
Info: Command: quartus_map --read_settings_files=on --write_settings_files=off multiplexador -c multiplexador
Warning (18236): Number of processors has not been specified which may cause overloading on shared machines.  Set the global assignment NUM_PARALLEL_PROCESSORS in your QSF to an appropriate value for best performance.
Info (20030): Parallel compilation is enabled and will use 4 of the 4 processors detected
Info (12021): Found 2 design units, including 1 entities, in source file multiplexador.vhd
    Info (12022): Found design unit 1: multiplexador-interna File: F:/Escritorio/universidad/Semestre 6/Digitales/Procesador/plexores/multiplexador.vhd Line: 10
    Info (12023): Found entity 1: multiplexador File: F:/Escritorio/universidad/Semestre 6/Digitales/Procesador/plexores/multiplexador.vhd Line: 4
Info (12021): Found 2 design units, including 1 entities, in source file multiplexador4_1.vhd
    Info (12022): Found design unit 1: multiplexador4_1-interna File: F:/Escritorio/universidad/Semestre 6/Digitales/Procesador/plexores/multiplexador4_1.vhd Line: 11
    Info (12023): Found entity 1: multiplexador4_1 File: F:/Escritorio/universidad/Semestre 6/Digitales/Procesador/plexores/multiplexador4_1.vhd Line: 5
Info (12021): Found 2 design units, including 1 entities, in source file multiplexador32_b.vhd
    Info (12022): Found design unit 1: multiplexador32_b-interna File: F:/Escritorio/universidad/Semestre 6/Digitales/Procesador/plexores/multiplexador32_b.vhd Line: 12
    Info (12023): Found entity 1: multiplexador32_b File: F:/Escritorio/universidad/Semestre 6/Digitales/Procesador/plexores/multiplexador32_b.vhd Line: 5
Info (12021): Found 2 design units, including 1 entities, in source file multiplexador8_1.vhd
    Info (12022): Found design unit 1: multiplexador8_1-interna File: F:/Escritorio/universidad/Semestre 6/Digitales/Procesador/plexores/multiplexador8_1.vhd Line: 11
    Info (12023): Found entity 1: multiplexador8_1 File: F:/Escritorio/universidad/Semestre 6/Digitales/Procesador/plexores/multiplexador8_1.vhd Line: 5
Info (12021): Found 2 design units, including 1 entities, in source file multiplexador32_b_2_1.vhd
    Info (12022): Found design unit 1: multiplexador32_b_2_1-interna File: F:/Escritorio/universidad/Semestre 6/Digitales/Procesador/plexores/multiplexador32_b_2_1.vhd Line: 12
    Info (12023): Found entity 1: multiplexador32_b_2_1 File: F:/Escritorio/universidad/Semestre 6/Digitales/Procesador/plexores/multiplexador32_b_2_1.vhd Line: 5
Info (12127): Elaborating entity "multiplexador32_b" for the top level hierarchy
Info (12128): Elaborating entity "multiplexador8_1" for hierarchy "multiplexador8_1:\ciclo:31:MULTItotal" File: F:/Escritorio/universidad/Semestre 6/Digitales/Procesador/plexores/multiplexador32_b.vhd Line: 21
Info (12128): Elaborating entity "multiplexador4_1" for hierarchy "multiplexador8_1:\ciclo:31:MULTItotal|multiplexador4_1:MULTI1" File: F:/Escritorio/universidad/Semestre 6/Digitales/Procesador/plexores/multiplexador8_1.vhd Line: 28
Info (12128): Elaborating entity "multiplexador" for hierarchy "multiplexador8_1:\ciclo:31:MULTItotal|multiplexador4_1:MULTI1|multiplexador:MULTI1" File: F:/Escritorio/universidad/Semestre 6/Digitales/Procesador/plexores/multiplexador4_1.vhd Line: 23
Info (286030): Timing-Driven Synthesis is running
Info (16010): Generating hard_block partition "hard_block:auto_generated_inst"
    Info (16011): Adding 0 node(s), including 0 DDIO, 0 PLL, 0 transceiver and 0 LCELL
Info (21057): Implemented 387 device resources after synthesis - the final resource count might be different
    Info (21058): Implemented 259 input pins
    Info (21059): Implemented 32 output pins
    Info (21061): Implemented 96 logic cells
Info: Quartus Prime Analysis & Synthesis was successful. 0 errors, 1 warning
    Info: Peak virtual memory: 953 megabytes
    Info: Processing ended: Mon Oct 10 00:36:25 2016
    Info: Elapsed time: 00:00:12
    Info: Total CPU time (on all processors): 00:00:28


