Flow report for sumador
Tue Nov 08 13:59:11 2016
Quartus Prime Version 16.0.0 Build 211 04/27/2016 SJ Lite Edition


---------------------
; Table of Contents ;
---------------------
  1. Legal Notice
  2. Flow Summary
  3. Flow Settings
  4. Flow Non-Default Global Settings
  5. Flow Elapsed Time
  6. Flow OS Summary
  7. Flow Log
  8. Flow Messages
  9. Flow Suppressed Messages



----------------
; Legal Notice ;
----------------
Copyright (C) 1991-2016 Altera Corporation. All rights reserved.
Your use of Altera Corporation's design tools, logic functions 
and other software and tools, and its AMPP partner logic 
functions, and any output files from any of the foregoing 
(including device programming or simulation files), and any 
associated documentation or information are expressly subject 
to the terms and conditions of the Altera Program License 
Subscription Agreement, the Altera Quartus Prime License Agreement,
the Altera MegaCore Function License Agreement, or other 
applicable license agreement, including, without limitation, 
that your use is for the sole purpose of programming logic 
devices manufactured by Altera and sold by Altera or its 
authorized distributors.  Please refer to the applicable 
agreement for further details.



+-------------------------------------------------------------------------------+
; Flow Summary                                                                  ;
+---------------------------------+---------------------------------------------+
; Flow Status                     ; Successful - Tue Nov 08 13:59:11 2016       ;
; Quartus Prime Version           ; 16.0.0 Build 211 04/27/2016 SJ Lite Edition ;
; Revision Name                   ; sumador                                     ;
; Top-level Entity Name           ; sumadorRestador                             ;
; Family                          ; Cyclone V                                   ;
; Device                          ; 5CSEMA5F31C6                                ;
; Timing Models                   ; Final                                       ;
; Logic utilization (in ALMs)     ; 55 / 32,070 ( < 1 % )                       ;
; Total registers                 ; 0                                           ;
; Total pins                      ; 98 / 457 ( 21 % )                           ;
; Total virtual pins              ; 0                                           ;
; Total block memory bits         ; 0 / 4,065,280 ( 0 % )                       ;
; Total DSP Blocks                ; 0 / 87 ( 0 % )                              ;
; Total HSSI RX PCSs              ; 0                                           ;
; Total HSSI PMA RX Deserializers ; 0                                           ;
; Total HSSI TX PCSs              ; 0                                           ;
; Total HSSI PMA TX Serializers   ; 0                                           ;
; Total PLLs                      ; 0 / 6 ( 0 % )                               ;
; Total DLLs                      ; 0 / 4 ( 0 % )                               ;
+---------------------------------+---------------------------------------------+


+-----------------------------------------+
; Flow Settings                           ;
+-------------------+---------------------+
; Option            ; Setting             ;
+-------------------+---------------------+
; Start date & time ; 11/08/2016 13:55:54 ;
; Main task         ; Compilation         ;
; Revision Name     ; sumador             ;
+-------------------+---------------------+


+-------------------------------------------------------------------------------------------------------------------------+
; Flow Non-Default Global Settings                                                                                        ;
+-------------------------------------+--------------------------------+---------------+-----------------+----------------+
; Assignment Name                     ; Value                          ; Default Value ; Entity Name     ; Section Id     ;
+-------------------------------------+--------------------------------+---------------+-----------------+----------------+
; COMPILER_SIGNATURE_ID               ; 57827284115318.147863135415768 ; --            ; --              ; --             ;
; EDA_OUTPUT_DATA_FORMAT              ; Verilog Hdl                    ; --            ; --              ; eda_simulation ;
; EDA_SIMULATION_TOOL                 ; ModelSim-Altera (Verilog)      ; <None>        ; --              ; --             ;
; EDA_TIME_SCALE                      ; 1 ps                           ; --            ; --              ; eda_simulation ;
; MAX_CORE_JUNCTION_TEMP              ; 85                             ; --            ; --              ; --             ;
; MIN_CORE_JUNCTION_TEMP              ; 0                              ; --            ; --              ; --             ;
; PARTITION_COLOR                     ; 16764057                       ; --            ; sumadorRestador ; Top            ;
; PARTITION_FITTER_PRESERVATION_LEVEL ; PLACEMENT_AND_ROUTING          ; --            ; sumadorRestador ; Top            ;
; PARTITION_NETLIST_TYPE              ; SOURCE                         ; --            ; sumadorRestador ; Top            ;
; PROJECT_OUTPUT_DIRECTORY            ; output_files                   ; --            ; --              ; --             ;
; TOP_LEVEL_ENTITY                    ; sumadorRestador                ; sumador       ; --              ; --             ;
+-------------------------------------+--------------------------------+---------------+-----------------+----------------+


+-------------------------------------------------------------------------------------------------------------------------------+
; Flow Elapsed Time                                                                                                             ;
+---------------------------+--------------+-------------------------+---------------------+------------------------------------+
; Module Name               ; Elapsed Time ; Average Processors Used ; Peak Virtual Memory ; Total CPU Time (on all processors) ;
+---------------------------+--------------+-------------------------+---------------------+------------------------------------+
; Analysis & Synthesis      ; 00:00:13     ; 1.0                     ; 956 MB              ; 00:00:30                           ;
; Fitter                    ; 00:00:45     ; 1.0                     ; 2654 MB             ; 00:01:16                           ;
; Assembler                 ; 00:00:09     ; 1.0                     ; 927 MB              ; 00:00:08                           ;
; TimeQuest Timing Analyzer ; 00:00:07     ; 1.1                     ; 1246 MB             ; 00:00:07                           ;
; EDA Netlist Writer        ; 00:00:01     ; 1.0                     ; 839 MB              ; 00:00:01                           ;
; EDA Netlist Writer        ; 00:00:01     ; 1.0                     ; 809 MB              ; 00:00:01                           ;
; EDA Netlist Writer        ; 00:00:01     ; 1.0                     ; 818 MB              ; 00:00:01                           ;
; EDA Netlist Writer        ; 00:00:01     ; 1.0                     ; 809 MB              ; 00:00:01                           ;
; EDA Netlist Writer        ; 00:00:01     ; 1.0                     ; 818 MB              ; 00:00:01                           ;
; Total                     ; 00:01:19     ; --                      ; --                  ; 00:02:06                           ;
+---------------------------+--------------+-------------------------+---------------------+------------------------------------+


+----------------------------------------------------------------------------------------+
; Flow OS Summary                                                                        ;
+---------------------------+------------------+-----------+------------+----------------+
; Module Name               ; Machine Hostname ; OS Name   ; OS Version ; Processor type ;
+---------------------------+------------------+-----------+------------+----------------+
; Analysis & Synthesis      ; DESKTOP-DQ4QVVQ  ; Windows 8 ; 6.2        ; x86_64         ;
; Fitter                    ; DESKTOP-DQ4QVVQ  ; Windows 8 ; 6.2        ; x86_64         ;
; Assembler                 ; DESKTOP-DQ4QVVQ  ; Windows 8 ; 6.2        ; x86_64         ;
; TimeQuest Timing Analyzer ; DESKTOP-DQ4QVVQ  ; Windows 8 ; 6.2        ; x86_64         ;
; EDA Netlist Writer        ; DESKTOP-DQ4QVVQ  ; Windows 8 ; 6.2        ; x86_64         ;
; EDA Netlist Writer        ; DESKTOP-DQ4QVVQ  ; Windows 8 ; 6.2        ; x86_64         ;
; EDA Netlist Writer        ; DESKTOP-DQ4QVVQ  ; Windows 8 ; 6.2        ; x86_64         ;
; EDA Netlist Writer        ; DESKTOP-DQ4QVVQ  ; Windows 8 ; 6.2        ; x86_64         ;
; EDA Netlist Writer        ; DESKTOP-DQ4QVVQ  ; Windows 8 ; 6.2        ; x86_64         ;
+---------------------------+------------------+-----------+------------+----------------+


------------
; Flow Log ;
------------
quartus_map --read_settings_files=on --write_settings_files=off sumador -c sumador
quartus_fit --read_settings_files=off --write_settings_files=off sumador -c sumador
quartus_asm --read_settings_files=off --write_settings_files=off sumador -c sumador
quartus_sta sumador -c sumador
quartus_eda --read_settings_files=off --write_settings_files=off sumador -c sumador
quartus_eda --gen_testbench --tool=modelsim_oem --format=verilog --write_settings_files=off sumador -c sumador --vector_source="F:/Escritorio/universidad/Semestre 6/Digitales/Procesador/ALU/SumadorRestador/Prueba.vwf" --testbench_file="F:/Escritorio/universidad/Semestre 6/Digitales/Procesador/ALU/SumadorRestador/simulation/qsim/Prueba.vwf.vt"
quartus_eda --write_settings_files=off --functional=on --flatten_buses=off --simulation=on --tool=modelsim_oem --format=verilog --output_directory="F:/Escritorio/universidad/Semestre 6/Digitales/Procesador/ALU/SumadorRestador/simulation/qsim/" sumador -c sumador
quartus_eda --gen_testbench --tool=modelsim_oem --format=verilog --write_settings_files=off sumador -c sumador --vector_source="F:/Escritorio/universidad/Semestre 6/Digitales/Procesador/ALU/SumadorRestador/Prueba.vwf" --testbench_file="F:/Escritorio/universidad/Semestre 6/Digitales/Procesador/ALU/SumadorRestador/simulation/qsim/Prueba.vwf.vt"
quartus_eda --write_settings_files=off --functional=on --flatten_buses=off --simulation=on --tool=modelsim_oem --format=verilog --output_directory="F:/Escritorio/universidad/Semestre 6/Digitales/Procesador/ALU/SumadorRestador/simulation/qsim/" sumador -c sumador



